This is pdfTeX, Version 3.14159265-2.6-1.40.16 (TeX Live 2015) (preloaded format=pdflatex 2015.12.16)  1 APR 2016 12:03
entering extended mode
 restricted \write18 enabled.
 file:line:error style messages enabled.
 %&-line parsing enabled.
**evolang11.tex
(./evolang11.tex
LaTeX2e <2015/01/01>
Babel <3.9l> and hyphenation patterns for 79 languages loaded.
(./evolang9_book.cls
(/usr/local/texlive/2015/texmf-dist/tex/latex/base/report.cls
Document Class: report 2014/09/29 v1.4h Standard LaTeX document class
(/usr/local/texlive/2015/texmf-dist/tex/latex/base/size10.clo
File: size10.clo 2014/09/29 v1.4h Standard LaTeX file (size option)
)
\c@part=\count79
\c@chapter=\count80
\c@section=\count81
\c@subsection=\count82
\c@subsubsection=\count83
\c@paragraph=\count84
\c@subparagraph=\count85
\c@figure=\count86
\c@table=\count87
\abovecaptionskip=\skip41
\belowcaptionskip=\skip42
\bibindent=\dimen102
)

LaTeX Warning: You have requested document class `evolang9_book',
               but the document class provides `evolang9'.

Document Class: evolang9 2009/03/06 v1
\trimheight=\dimen103
\trimwidth=\dimen104
\typeheight=\dimen105
\typewidth=\dimen106
\tempdimen=\dimen107
\tablewidth=\dimen108
\normaltextheight=\dimen109
\tempbox=\box26
\tablewd=\dimen110
\trimheight=\dimen111
\trimwidth=\dimen112
\typeheight=\dimen113
\captionbox=\box27
\c@appendix=\count88
(/usr/local/texlive/2015/texmf-dist/tex/latex/apacite/apacite.sty
Package: apacite 2013/07/21 v6.03 APA citation
\c@BibCnt=\count89
\bibleftmargin=\skip43
\bibindent=\skip44
\bibparsep=\skip45
\bibitemsep=\skip46
\biblabelsep=\skip47
)
(/usr/local/texlive/2015/texmf-dist/tex/latex/psnfss/times.sty
Package: times 2005/04/12 PSNFSS-v9.2a (SPQR) 
)
(/usr/local/texlive/2015/texmf-dist/tex/latex/amsfonts/amsfonts.sty
Package: amsfonts 2013/01/14 v3.01 Basic AMSFonts support
\@emptytoks=\toks14
\symAMSa=\mathgroup4
\symAMSb=\mathgroup5
LaTeX Font Info:    Overwriting math alphabet `\mathfrak' in version `bold'
(Font)                  U/euf/m/n --> U/euf/b/n on input line 106.
)
(/usr/local/texlive/2015/texmf-dist/tex/latex/amsfonts/amssymb.sty
Package: amssymb 2013/01/14 v3.01 AMS font symbols
)
(/usr/local/texlive/2015/texmf-dist/tex/latex/amsmath/amsmath.sty
Package: amsmath 2013/01/14 v2.14 AMS math features
\@mathmargin=\skip48

For additional information on amsmath, use the `?' option.
(/usr/local/texlive/2015/texmf-dist/tex/latex/amsmath/amstext.sty
Package: amstext 2000/06/29 v2.01

(/usr/local/texlive/2015/texmf-dist/tex/latex/amsmath/amsgen.sty
File: amsgen.sty 1999/11/30 v2.0
\@emptytoks=\toks15
\ex@=\dimen114
))
(/usr/local/texlive/2015/texmf-dist/tex/latex/amsmath/amsbsy.sty
Package: amsbsy 1999/11/29 v1.2d
\pmbraise@=\dimen115
)
(/usr/local/texlive/2015/texmf-dist/tex/latex/amsmath/amsopn.sty
Package: amsopn 1999/12/14 v2.01 operator names
)
\inf@bad=\count90
LaTeX Info: Redefining \frac on input line 210.
\uproot@=\count91
\leftroot@=\count92
LaTeX Info: Redefining \overline on input line 306.
\classnum@=\count93
\DOTSCASE@=\count94
LaTeX Info: Redefining \ldots on input line 378.
LaTeX Info: Redefining \dots on input line 381.
LaTeX Info: Redefining \cdots on input line 466.
\Mathstrutbox@=\box28
\strutbox@=\box29
\big@size=\dimen116
LaTeX Font Info:    Redeclaring font encoding OML on input line 566.
LaTeX Font Info:    Redeclaring font encoding OMS on input line 567.
\macc@depth=\count95
\c@MaxMatrixCols=\count96
\dotsspace@=\muskip10
\c@parentequation=\count97
\dspbrk@lvl=\count98
\tag@help=\toks16
\row@=\count99
\column@=\count100
\maxfields@=\count101
\andhelp@=\toks17
\eqnshift@=\dimen117
\alignsep@=\dimen118
\tagshift@=\dimen119
\tagwidth@=\dimen120
\totwidth@=\dimen121
\lineht@=\dimen122
\@envbody=\toks18
\multlinegap=\skip49
\multlinetaggap=\skip50
\mathdisplay@stack=\toks19
LaTeX Info: Redefining \[ on input line 2665.
LaTeX Info: Redefining \] on input line 2666.
))
(/usr/local/texlive/2015/texmf-dist/tex/latex/tools/multicol.sty
Package: multicol 2015/03/31 v1.8m multicolumn formatting (FMi)
\c@tracingmulticols=\count102
\mult@box=\box30
\multicol@leftmargin=\dimen123
\c@unbalance=\count103
\c@collectmore=\count104
\doublecol@number=\count105
\multicoltolerance=\count106
\multicolpretolerance=\count107
\full@width=\dimen124
\page@free=\dimen125
\premulticols=\dimen126
\postmulticols=\dimen127
\multicolsep=\skip51
\multicolbaselineskip=\skip52
\partial@page=\box31
\last@line=\box32
\maxbalancingoverflow=\dimen128
\mult@rightbox=\box33
\mult@grightbox=\box34
\mult@gfirstbox=\box35
\mult@firstbox=\box36
\@tempa=\box37
\@tempa=\box38
\@tempa=\box39
\@tempa=\box40
\@tempa=\box41
\@tempa=\box42
\@tempa=\box43
\@tempa=\box44
\@tempa=\box45
\@tempa=\box46
\@tempa=\box47
\@tempa=\box48
\@tempa=\box49
\@tempa=\box50
\@tempa=\box51
\@tempa=\box52
\@tempa=\box53
\c@columnbadness=\count108
\c@finalcolumnbadness=\count109
\last@try=\dimen129
\multicolovershoot=\dimen130
\multicolundershoot=\dimen131
\mult@nat@firstbox=\box54
\colbreak@box=\box55
\mc@col@check@num=\count110
)
(/usr/local/texlive/2015/texmf-dist/tex/generic/babel/babel.sty
Package: babel 2014/09/25 3.9l The Babel package

(/usr/local/texlive/2015/texmf-dist/tex/generic/babel-english/english.ldf
Language: english 2012/08/20 v3.3p English support from the babel system

(/usr/local/texlive/2015/texmf-dist/tex/generic/babel/babel.def
File: babel.def 2014/09/25 3.9l Babel common definitions
\babel@savecnt=\count111
\U@D=\dimen132
)
\l@canadian = a dialect from \language\l@american 
\l@australian = a dialect from \language\l@british 
\l@newzealand = a dialect from \language\l@british 
))
(/usr/local/texlive/2015/texmf-dist/tex/latex/pdfpages/pdfpages.sty
Package: pdfpages 2015/05/11 v0.4x Insert pages of external PDF documents (AM)

(/usr/local/texlive/2015/texmf-dist/tex/latex/base/ifthen.sty
Package: ifthen 2014/09/29 v1.1c Standard LaTeX ifthen package (DPC)
)
(/usr/local/texlive/2015/texmf-dist/tex/latex/tools/calc.sty
Package: calc 2014/10/28 v4.3 Infix arithmetic (KKT,FJ)
\calc@Acount=\count112
\calc@Bcount=\count113
\calc@Adimen=\dimen133
\calc@Bdimen=\dimen134
\calc@Askip=\skip53
\calc@Bskip=\skip54
LaTeX Info: Redefining \setlength on input line 80.
LaTeX Info: Redefining \addtolength on input line 81.
\calc@Ccount=\count114
\calc@Cskip=\skip55
)
(/usr/local/texlive/2015/texmf-dist/tex/latex/eso-pic/eso-pic.sty
Package: eso-pic 2015/04/20 v2.0e eso-pic (RN)

(/usr/local/texlive/2015/texmf-dist/tex/generic/oberdiek/atbegshi.sty
Package: atbegshi 2011/10/05 v1.16 At begin shipout hook (HO)

(/usr/local/texlive/2015/texmf-dist/tex/generic/oberdiek/infwarerr.sty
Package: infwarerr 2010/04/08 v1.3 Providing info/warning/error messages (HO)
)
(/usr/local/texlive/2015/texmf-dist/tex/generic/oberdiek/ltxcmds.sty
Package: ltxcmds 2011/11/09 v1.22 LaTeX kernel commands for general use (HO)
)
(/usr/local/texlive/2015/texmf-dist/tex/generic/oberdiek/ifpdf.sty
Package: ifpdf 2011/01/30 v2.3 Provides the ifpdf switch (HO)
Package ifpdf Info: pdfTeX in PDF mode is detected.
))
(/usr/local/texlive/2015/texmf-dist/tex/latex/graphics/keyval.sty
Package: keyval 2014/10/28 v1.15 key=value parser (DPC)
\KV@toks@=\toks20
)
(/usr/local/texlive/2015/texmf-dist/tex/latex/xcolor/xcolor.sty
Package: xcolor 2007/01/21 v2.11 LaTeX color extensions (UK)

(/usr/local/texlive/2015/texmf-dist/tex/latex/latexconfig/color.cfg
File: color.cfg 2007/01/18 v1.5 color configuration of teTeX/TeXLive
)
Package xcolor Info: Driver file: pdftex.def on input line 225.

(/usr/local/texlive/2015/texmf-dist/tex/latex/pdftex-def/pdftex.def
File: pdftex.def 2011/05/27 v0.06d Graphics/color for pdfTeX
\Gread@gobject=\count115
)
Package xcolor Info: Model `cmy' substituted by `cmy0' on input line 1337.
Package xcolor Info: Model `hsb' substituted by `rgb' on input line 1341.
Package xcolor Info: Model `RGB' extended on input line 1353.
Package xcolor Info: Model `HTML' substituted by `rgb' on input line 1355.
Package xcolor Info: Model `Hsb' substituted by `hsb' on input line 1356.
Package xcolor Info: Model `tHsb' substituted by `hsb' on input line 1357.
Package xcolor Info: Model `HSB' substituted by `hsb' on input line 1358.
Package xcolor Info: Model `Gray' substituted by `gray' on input line 1359.
Package xcolor Info: Model `wave' substituted by `hsb' on input line 1360.
))
(/usr/local/texlive/2015/texmf-dist/tex/latex/graphics/graphicx.sty
Package: graphicx 2014/10/28 v1.0g Enhanced LaTeX Graphics (DPC,SPQR)

(/usr/local/texlive/2015/texmf-dist/tex/latex/graphics/graphics.sty
Package: graphics 2014/10/28 v1.0p Standard LaTeX Graphics (DPC,SPQR)

(/usr/local/texlive/2015/texmf-dist/tex/latex/graphics/trig.sty
Package: trig 1999/03/16 v1.09 sin cos tan (DPC)
)
(/usr/local/texlive/2015/texmf-dist/tex/latex/latexconfig/graphics.cfg
File: graphics.cfg 2010/04/23 v1.9 graphics configuration of TeX Live
)
Package graphics Info: Driver file: pdftex.def on input line 94.
)
\Gin@req@height=\dimen135
\Gin@req@width=\dimen136
)
\AM@pagewidth=\dimen137
\AM@pageheight=\dimen138

(/usr/local/texlive/2015/texmf-dist/tex/latex/pdfpages/pppdftex.def
File: pppdftex.def 2015/05/11 v0.4x Pdfpages driver for pdfTeX (AM)
)
\AM@pagebox=\box56
\AM@toc@title=\toks21
\c@AM@survey=\count116
\AM@templatesizebox=\box57
)
(/usr/local/texlive/2015/texmf-dist/tex/latex/base/makeidx.sty
Package: makeidx 2014/09/29 v1.0m Standard LaTeX package
)
(/usr/local/texlive/2015/texmf-dist/tex/latex/index/index.sty
Package: index 2004/01/20 v4.2beta Improved index support (dmj)
\@indexbox=\insert233
\indexproofstyle=\toks22


LaTeX Warning: Command \markboth  has changed.
               Check if current package is valid.


LaTeX Warning: Command \markright  has changed.
               Check if current package is valid.

) (/usr/local/texlive/2015/texmf-dist/tex/latex/hyperref/hyperref.sty
Package: hyperref 2012/11/06 v6.83m Hypertext links for LaTeX

(/usr/local/texlive/2015/texmf-dist/tex/generic/oberdiek/hobsub-hyperref.sty
Package: hobsub-hyperref 2012/05/28 v1.13 Bundle oberdiek, subset hyperref (HO)


(/usr/local/texlive/2015/texmf-dist/tex/generic/oberdiek/hobsub-generic.sty
Package: hobsub-generic 2012/05/28 v1.13 Bundle oberdiek, subset generic (HO)
Package: hobsub 2012/05/28 v1.13 Construct package bundles (HO)
Package hobsub Info: Skipping package `infwarerr' (already loaded).
Package hobsub Info: Skipping package `ltxcmds' (already loaded).
Package: ifluatex 2010/03/01 v1.3 Provides the ifluatex switch (HO)
Package ifluatex Info: LuaTeX not detected.
Package: ifvtex 2010/03/01 v1.5 Detect VTeX and its facilities (HO)
Package ifvtex Info: VTeX not detected.
Package: intcalc 2007/09/27 v1.1 Expandable calculations with integers (HO)
Package hobsub Info: Skipping package `ifpdf' (already loaded).
Package: etexcmds 2011/02/16 v1.5 Avoid name clashes with e-TeX commands (HO)
Package etexcmds Info: Could not find \expanded.
(etexcmds)             That can mean that you are not using pdfTeX 1.50 or
(etexcmds)             that some package has redefined \expanded.
(etexcmds)             In the latter case, load this package earlier.
Package: kvsetkeys 2012/04/25 v1.16 Key value parser (HO)
Package: kvdefinekeys 2011/04/07 v1.3 Define keys (HO)
Package: pdftexcmds 2011/11/29 v0.20 Utility functions of pdfTeX for LuaTeX (HO
)
Package pdftexcmds Info: LuaTeX not detected.
Package pdftexcmds Info: \pdf@primitive is available.
Package pdftexcmds Info: \pdf@ifprimitive is available.
Package pdftexcmds Info: \pdfdraftmode found.
Package: pdfescape 2011/11/25 v1.13 Implements pdfTeX's escape features (HO)
Package: bigintcalc 2012/04/08 v1.3 Expandable calculations on big integers (HO
)
Package: bitset 2011/01/30 v1.1 Handle bit-vector datatype (HO)
Package: uniquecounter 2011/01/30 v1.2 Provide unlimited unique counter (HO)
)
Package hobsub Info: Skipping package `hobsub' (already loaded).
Package: letltxmacro 2010/09/02 v1.4 Let assignment for LaTeX macros (HO)
Package: hopatch 2012/05/28 v1.2 Wrapper for package hooks (HO)
Package: xcolor-patch 2011/01/30 xcolor patch
Package: atveryend 2011/06/30 v1.8 Hooks at the very end of document (HO)
Package atveryend Info: \enddocument detected (standard20110627).
Package hobsub Info: Skipping package `atbegshi' (already loaded).
Package: refcount 2011/10/16 v3.4 Data extraction from label references (HO)
Package: hycolor 2011/01/30 v1.7 Color options for hyperref/bookmark (HO)
)
(/usr/local/texlive/2015/texmf-dist/tex/generic/ifxetex/ifxetex.sty
Package: ifxetex 2010/09/12 v0.6 Provides ifxetex conditional
)
(/usr/local/texlive/2015/texmf-dist/tex/latex/oberdiek/auxhook.sty
Package: auxhook 2011/03/04 v1.3 Hooks for auxiliary files (HO)
)
(/usr/local/texlive/2015/texmf-dist/tex/latex/oberdiek/kvoptions.sty
Package: kvoptions 2011/06/30 v3.11 Key value format for package options (HO)
)
\@linkdim=\dimen139
\Hy@linkcounter=\count117
\Hy@pagecounter=\count118

(/usr/local/texlive/2015/texmf-dist/tex/latex/hyperref/pd1enc.def
File: pd1enc.def 2012/11/06 v6.83m Hyperref: PDFDocEncoding definition (HO)
)
\Hy@SavedSpaceFactor=\count119

(/usr/local/texlive/2015/texmf-dist/tex/latex/latexconfig/hyperref.cfg
File: hyperref.cfg 2002/06/06 v1.2 hyperref configuration of TeXLive
)

Package hyperref Warning: Unexpected value `yes'
(hyperref)                of option `bookmarks' instead of
(hyperref)                `true' or 'false' on input line 4319.

Package hyperref Info: Hyper figures OFF on input line 4443.
Package hyperref Info: Link nesting OFF on input line 4448.
Package hyperref Info: Hyper index ON on input line 4451.
Package hyperref Info: Plain pages OFF on input line 4458.
Package hyperref Info: Backreferencing OFF on input line 4463.
Package hyperref Info: Implicit mode ON; LaTeX internals redefined.
Package hyperref Info: Bookmarks ON on input line 4688.
\c@Hy@tempcnt=\count120
(/usr/local/texlive/2015/texmf-dist/tex/latex/url/url.sty
\Urlmuskip=\muskip11
Package: url 2013/09/16  ver 3.4  Verb mode for urls, etc.
)
LaTeX Info: Redefining \url on input line 5041.
\XeTeXLinkMargin=\dimen140
\Fld@menulength=\count121
\Field@Width=\dimen141
\Fld@charsize=\dimen142
Package hyperref Info: Hyper figures OFF on input line 6295.
Package hyperref Info: Link nesting OFF on input line 6300.
Package hyperref Info: Hyper index ON on input line 6303.
Package hyperref Info: backreferencing OFF on input line 6310.
Package hyperref Info: Link coloring OFF on input line 6315.
Package hyperref Info: Link coloring with OCG OFF on input line 6320.
Package hyperref Info: PDF/A mode OFF on input line 6325.
LaTeX Info: Redefining \ref on input line 6365.
LaTeX Info: Redefining \pageref on input line 6369.
\Hy@abspage=\count122
\c@Item=\count123
\c@Hfootnote=\count124
)

Package hyperref Message: Driver (autodetected): hpdftex.

(/usr/local/texlive/2015/texmf-dist/tex/latex/hyperref/hpdftex.def
File: hpdftex.def 2012/11/06 v6.83m Hyperref driver for pdfTeX
\Fld@listcount=\count125
\c@bookmark@seq@number=\count126

(/usr/local/texlive/2015/texmf-dist/tex/latex/oberdiek/rerunfilecheck.sty
Package: rerunfilecheck 2011/04/15 v1.7 Rerun checks for auxiliary files (HO)
Package uniquecounter Info: New unique counter `rerunfilecheck' on input line 2
82.
)
\Hy@SectionHShift=\skip56
)
(/usr/local/texlive/2015/texmf-dist/tex/latex/hyphenat/hyphenat.sty
Package: hyphenat 2009/09/02 v2.3c hyphenation utilities
\langwohyphens=\language80
LaTeX Info: Redefining \_ on input line 43.
)
(/usr/local/texlive/2015/texmf-dist/tex/latex/enumitem/enumitem.sty
Package: enumitem 2011/09/28 v3.5.2 Customized lists
\labelindent=\skip57
\enit@outerparindent=\dimen143
\enit@toks=\toks23
\enit@inbox=\box58
\enitdp@description=\count127
)
\idxtitle@default=\toks24
\tf@default=\write3
\openout3 = `evolang11.idx'.

Package index Info: Writing index file evolang11.idx on input line 14.

(/usr/local/texlive/2015/texmf-dist/tex/latex/tocloft/tocloft.sty
Package: tocloft 2013/05/02 v2.3f parameterised ToC, etc., typesetting
Package tocloft Info: The document has chapter divisions on input line 44.
\cftparskip=\skip58
\cftbeforetoctitleskip=\skip59
\cftaftertoctitleskip=\skip60
\cftbeforepartskip=\skip61
\cftpartnumwidth=\skip62
\cftpartindent=\skip63
\cftbeforechapskip=\skip64
\cftchapindent=\skip65
\cftchapnumwidth=\skip66
\cftbeforesecskip=\skip67
\cftsecindent=\skip68
\cftsecnumwidth=\skip69
\cftbeforesubsecskip=\skip70
\cftsubsecindent=\skip71
\cftsubsecnumwidth=\skip72
\cftbeforesubsubsecskip=\skip73
\cftsubsubsecindent=\skip74
\cftsubsubsecnumwidth=\skip75
\cftbeforeparaskip=\skip76
\cftparaindent=\skip77
\cftparanumwidth=\skip78
\cftbeforesubparaskip=\skip79
\cftsubparaindent=\skip80
\cftsubparanumwidth=\skip81
\cftbeforeloftitleskip=\skip82
\cftafterloftitleskip=\skip83
\cftbeforefigskip=\skip84
\cftfigindent=\skip85
\cftfignumwidth=\skip86
\c@lofdepth=\count128
\c@lotdepth=\count129
\cftbeforelottitleskip=\skip87
\cftafterlottitleskip=\skip88
\cftbeforetabskip=\skip89
\cfttabindent=\skip90
\cfttabnumwidth=\skip91
)
(./evolang11.aux)
\openout1 = `evolang11.aux'.

LaTeX Font Info:    Checking defaults for OML/cmm/m/it on input line 35.
LaTeX Font Info:    ... okay on input line 35.
LaTeX Font Info:    Checking defaults for T1/cmr/m/n on input line 35.
LaTeX Font Info:    ... okay on input line 35.
LaTeX Font Info:    Checking defaults for OT1/cmr/m/n on input line 35.
LaTeX Font Info:    ... okay on input line 35.
LaTeX Font Info:    Checking defaults for OMS/cmsy/m/n on input line 35.
LaTeX Font Info:    ... okay on input line 35.
LaTeX Font Info:    Checking defaults for OMX/cmex/m/n on input line 35.
LaTeX Font Info:    ... okay on input line 35.
LaTeX Font Info:    Checking defaults for U/cmr/m/n on input line 35.
LaTeX Font Info:    ... okay on input line 35.
LaTeX Font Info:    Checking defaults for PD1/pdf/m/n on input line 35.
LaTeX Font Info:    ... okay on input line 35.
LaTeX Font Info:    Try loading font information for OT1+ptm on input line 35.

(/usr/local/texlive/2015/texmf-dist/tex/latex/psnfss/ot1ptm.fd
File: ot1ptm.fd 2001/06/04 font definitions for OT1/ptm.
)
\c@maskedRefs=\count130

(/usr/local/texlive/2015/texmf-dist/tex/latex/apacite/english.apc
File: english.apc 2013/07/21 v6.03 apacite language file
LaTeX Info: Redefining \BPBI on input line 129.
LaTeX Info: Redefining \BHBI on input line 130.
)
\AtBeginShipoutBox=\box59

(/usr/local/texlive/2015/texmf-dist/tex/context/base/supp-pdf.mkii
[Loading MPS to PDF converter (version 2006.09.02).]
\scratchcounter=\count131
\scratchdimen=\dimen144
\scratchbox=\box60
\nofMPsegments=\count132
\nofMParguments=\count133
\everyMPshowfont=\toks25
\MPscratchCnt=\count134
\MPscratchDim=\dimen145
\MPnumerator=\count135
\makeMPintoPDFobject=\count136
\everyMPtoPDFconversion=\toks26
) (/usr/local/texlive/2015/texmf-dist/tex/latex/oberdiek/epstopdf-base.sty
Package: epstopdf-base 2010/02/09 v2.5 Base part for package epstopdf

(/usr/local/texlive/2015/texmf-dist/tex/latex/oberdiek/grfext.sty
Package: grfext 2010/08/19 v1.1 Manage graphics extensions (HO)
)
Package grfext Info: Graphics extension search list:
(grfext)             [.png,.pdf,.jpg,.mps,.jpeg,.jbig2,.jb2,.PNG,.PDF,.JPG,.JPE
G,.JBIG2,.JB2,.eps]
(grfext)             \AppendGraphicsExtensions on input line 452.

(/usr/local/texlive/2015/texmf-dist/tex/latex/latexconfig/epstopdf-sys.cfg
File: epstopdf-sys.cfg 2010/07/13 v1.3 Configuration of (r)epstopdf for TeX Liv
e
))
Package hyperref Info: Link coloring OFF on input line 35.

(/usr/local/texlive/2015/texmf-dist/tex/latex/hyperref/nameref.sty
Package: nameref 2012/10/27 v2.43 Cross-referencing by name of section

(/usr/local/texlive/2015/texmf-dist/tex/generic/oberdiek/gettitlestring.sty
Package: gettitlestring 2010/12/03 v1.4 Cleanup title references (HO)
)
\c@section@level=\count137
)
LaTeX Info: Redefining \ref on input line 35.
LaTeX Info: Redefining \pageref on input line 35.
LaTeX Info: Redefining \nameref on input line 35.

(./evolang11.out) (./evolang11.out)
\@outlinefile=\write4
\openout4 = `evolang11.out'.



pdfTeX warning: /usr/texbin/pdflatex (file ./cover/EvoLangCover.pdf): PDF inclu
sion: found PDF version <1.7>, but at most version <1.5> allowed
<cover/EvoLangCover.pdf, id=31, 597.50829pt x 845.0471pt>
File: cover/EvoLangCover.pdf Graphic file (type pdf)

<use cover/EvoLangCover.pdf>
Package pdftex.def Info: cover/EvoLangCover.pdf used on input line 43.
(pdftex.def)             Requested size: 597.50682pt x 845.04504pt.


pdfTeX warning: /usr/texbin/pdflatex (file ./cover/EvoLangCover.pdf): PDF inclu
sion: found PDF version <1.7>, but at most version <1.5> allowed
File: cover/EvoLangCover.pdf Graphic file (type pdf)
<use cover/EvoLangCover.pdf>
Package pdftex.def Info: cover/EvoLangCover.pdf used on input line 43.
(pdftex.def)             Requested size: 597.50682pt x 845.04504pt.


pdfTeX warning: /usr/texbin/pdflatex (file ./cover/EvoLangCover.pdf): PDF inclu
sion: found PDF version <1.7>, but at most version <1.5> allowed


pdfTeX warning: /usr/texbin/pdflatex (file ./cover/EvoLangCover.pdf): PDF inclu
sion: found PDF version <1.7>, but at most version <1.5> allowed
<cover/EvoLangCover.pdf, id=34, page=1, 597.50829pt x 845.0471pt>
File: cover/EvoLangCover.pdf Graphic file (type pdf)

<use cover/EvoLangCover.pdf, page 1>
Package pdftex.def Info: cover/EvoLangCover.pdf, page1 used on input line 43.
(pdftex.def)             Requested size: 597.50682pt x 845.04504pt.
File: cover/EvoLangCover.pdf Graphic file (type pdf)
 <use cover/EvoLangCover.pdf, page 1>
Package pdftex.def Info: cover/EvoLangCover.pdf, page1 used on input line 43.
(pdftex.def)             Requested size: 597.53416pt x 845.08372pt.
File: cover/EvoLangCover.pdf Graphic file (type pdf)

<use cover/EvoLangCover.pdf, page 1>
Package pdftex.def Info: cover/EvoLangCover.pdf, page1 used on input line 43.
(pdftex.def)             Requested size: 597.53416pt x 845.08372pt.
File: cover/EvoLangCover.pdf Graphic file (type pdf)
 <use cover/EvoLangCover.pdf, page 1>
Package pdftex.def Info: cover/EvoLangCover.pdf, page1 used on input line 43.
(pdftex.def)             Requested size: 597.53416pt x 845.08372pt.
File: cover/EvoLangCover.pdf Graphic file (type pdf)

<use cover/EvoLangCover.pdf, page 1>
Package pdftex.def Info: cover/EvoLangCover.pdf, page1 used on input line 43.
(pdftex.def)             Requested size: 597.53416pt x 845.08372pt.
 [1


 <./cover/EvoLangCover.pdf{/usr/local/texlive/2015/texmf-var/fonts/map/pdftex/u
pdmap/pdftex.map}>]
LaTeX Font Info:    Font shape `OT1/ptm/bx/n' in size <24.88> not available
(Font)              Font shape `OT1/ptm/b/n' tried instead on input line 45.
 [2

]
LaTeX Font Info:    Try loading font information for OT1+pcr on input line 90.

(/usr/local/texlive/2015/texmf-dist/tex/latex/psnfss/ot1pcr.fd
File: ot1pcr.fd 2001/06/04 font definitions for OT1/pcr.
)
LaTeX Font Info:    Try loading font information for U+msa on input line 90.

(/usr/local/texlive/2015/texmf-dist/tex/latex/amsfonts/umsa.fd
File: umsa.fd 2013/01/14 v3.01 AMS symbols A
)
LaTeX Font Info:    Try loading font information for U+msb on input line 90.

(/usr/local/texlive/2015/texmf-dist/tex/latex/amsfonts/umsb.fd
File: umsb.fd 2013/01/14 v3.01 AMS symbols B
)
LaTeX Font Info:    Font shape `OT1/ptm/bx/n' in size <10> not available
(Font)              Font shape `OT1/ptm/b/n' tried instead on input line 92.
LaTeX Font Info:    Try loading font information for OMS+ptm on input line 94.

(/usr/local/texlive/2015/texmf-dist/tex/latex/psnfss/omsptm.fd
File: omsptm.fd 
)
LaTeX Font Info:    Font shape `OMS/ptm/m/n' in size <10> not available
(Font)              Font shape `OMS/cmsy/m/n' tried instead on input line 94.
Missing character: There is no ï in font ptmr7t!
Missing character: There is no ¿ in font ptmr7t!
Missing character: There is no ½ in font ptmr7t!
 [3

] [4]
(./reviewers.tex
Underfull \hbox (badness 10000) in paragraph at lines 5--6
[]\OT1/ptm/m/n/10 Aleksandrs
 []

[5

]
Underfull \hbox (badness 10000) in paragraph at lines 75--76
[]\OT1/ptm/m/n/10 Juan Car-los Moreno
 []


Underfull \hbox (badness 10000) in paragraph at lines 129--130
[]\OT1/ptm/m/n/10 Przemys law
 []

[6]) [7] (./evolang11.toc
./evolang11.toc:2: Missing number, treated as zero.
<to be read again> 
                   \protect 
l.2 ...tentsline {chapter}{Preface}{3}{chapter*.2}
                                                  
? s
OK, entering \scrollmode...
./evolang11.toc:2: Illegal unit of measure (pt inserted).
<to be read again> 
                   \protect 
l.2 ...tentsline {chapter}{Preface}{3}{chapter*.2}
                                                  
Dimensions can be in units of em, ex, in, pt, pc,
cm, mm, dd, cc, nd, nc, bp, or sp; but yours is a new one!
I'll assume that you meant to say pt, for printer's points.
To recover gracefully from this error, it's best to
delete the erroneous units; e.g., type `2' to delete
two letters. (See Chapter 27 of The TeXbook.)

./evolang11.toc:2: Missing number, treated as zero.
<to be read again> 
                   \protect 
l.2 ...tentsline {chapter}{Preface}{3}{chapter*.2}
                                                  
A number should have been here; I inserted `0'.
(If you can't figure out why I needed to see a number,
look up `weird error' in the index to The TeXbook.)

./evolang11.toc:2: Illegal unit of measure (pt inserted).
<to be read again> 
                   \protect 
l.2 ...tentsline {chapter}{Preface}{3}{chapter*.2}
                                                  
Dimensions can be in units of em, ex, in, pt, pc,
cm, mm, dd, cc, nd, nc, bp, or sp; but yours is a new one!
I'll assume that you meant to say pt, for printer's points.
To recover gracefully from this error, it's best to
delete the erroneous units; e.g., type `2' to delete
two letters. (See Chapter 27 of The TeXbook.)

./evolang11.toc:4: Missing number, treated as zero.
<to be read again> 
                   \protect 
l.4 ...{chapter}{Program committee}{9}{chapter*.3}
                                                  
A number should have been here; I inserted `0'.
(If you can't figure out why I needed to see a number,
look up `weird error' in the index to The TeXbook.)

./evolang11.toc:4: Illegal unit of measure (pt inserted).
<to be read again> 
                   \protect 
l.4 ...{chapter}{Program committee}{9}{chapter*.3}
                                                  
Dimensions can be in units of em, ex, in, pt, pc,
cm, mm, dd, cc, nd, nc, bp, or sp; but yours is a new one!
I'll assume that you meant to say pt, for printer's points.
To recover gracefully from this error, it's best to
delete the erroneous units; e.g., type `2' to delete
two letters. (See Chapter 27 of The TeXbook.)

./evolang11.toc:4: Missing number, treated as zero.
<to be read again> 
                   \protect 
l.4 ...{chapter}{Program committee}{9}{chapter*.3}
                                                  
A number should have been here; I inserted `0'.
(If you can't figure out why I needed to see a number,
look up `weird error' in the index to The TeXbook.)

./evolang11.toc:4: Illegal unit of measure (pt inserted).
<to be read again> 
                   \protect 
l.4 ...{chapter}{Program committee}{9}{chapter*.3}
                                                  
Dimensions can be in units of em, ex, in, pt, pc,
cm, mm, dd, cc, nd, nc, bp, or sp; but yours is a new one!
I'll assume that you meant to say pt, for printer's points.
To recover gracefully from this error, it's best to
delete the erroneous units; e.g., type `2' to delete
two letters. (See Chapter 27 of The TeXbook.)

./evolang11.toc:5: Missing number, treated as zero.
<to be read again> 
                   \protect 
l.5 ... {chapter}{\textbf {Papers}}{9}{chapter*.4}
                                                  
A number should have been here; I inserted `0'.
(If you can't figure out why I needed to see a number,
look up `weird error' in the index to The TeXbook.)

./evolang11.toc:5: Illegal unit of measure (pt inserted).
<to be read again> 
                   \protect 
l.5 ... {chapter}{\textbf {Papers}}{9}{chapter*.4}
                                                  
Dimensions can be in units of em, ex, in, pt, pc,
cm, mm, dd, cc, nd, nc, bp, or sp; but yours is a new one!
I'll assume that you meant to say pt, for printer's points.
To recover gracefully from this error, it's best to
delete the erroneous units; e.g., type `2' to delete
two letters. (See Chapter 27 of The TeXbook.)

./evolang11.toc:5: Missing number, treated as zero.
<to be read again> 
                   \protect 
l.5 ... {chapter}{\textbf {Papers}}{9}{chapter*.4}
                                                  
A number should have been here; I inserted `0'.
(If you can't figure out why I needed to see a number,
look up `weird error' in the index to The TeXbook.)

./evolang11.toc:5: Illegal unit of measure (pt inserted).
<to be read again> 
                   \protect 
l.5 ... {chapter}{\textbf {Papers}}{9}{chapter*.4}
                                                  
Dimensions can be in units of em, ex, in, pt, pc,
cm, mm, dd, cc, nd, nc, bp, or sp; but yours is a new one!
I'll assume that you meant to say pt, for printer's points.
To recover gracefully from this error, it's best to
delete the erroneous units; e.g., type `2' to delete
two letters. (See Chapter 27 of The TeXbook.)

./evolang11.toc:6: Missing number, treated as zero.
<to be read again> 
                   \protect 
l.6 ...beth Irvine, Sean Roberts}}{10}{section*.5}
                                                  
A number should have been here; I inserted `0'.
(If you can't figure out why I needed to see a number,
look up `weird error' in the index to The TeXbook.)

./evolang11.toc:6: Illegal unit of measure (pt inserted).
<to be read again> 
                   \protect 
l.6 ...beth Irvine, Sean Roberts}}{10}{section*.5}
                                                  
Dimensions can be in units of em, ex, in, pt, pc,
cm, mm, dd, cc, nd, nc, bp, or sp; but yours is a new one!
I'll assume that you meant to say pt, for printer's points.
To recover gracefully from this error, it's best to
delete the erroneous units; e.g., type `2' to delete
two letters. (See Chapter 27 of The TeXbook.)

./evolang11.toc:6: Missing number, treated as zero.
<to be read again> 
                   \protect 
l.6 ...beth Irvine, Sean Roberts}}{10}{section*.5}
                                                  
A number should have been here; I inserted `0'.
(If you can't figure out why I needed to see a number,
look up `weird error' in the index to The TeXbook.)

./evolang11.toc:6: Illegal unit of measure (pt inserted).
<to be read again> 
                   \protect 
l.6 ...beth Irvine, Sean Roberts}}{10}{section*.5}
                                                  
Dimensions can be in units of em, ex, in, pt, pc,
cm, mm, dd, cc, nd, nc, bp, or sp; but yours is a new one!
I'll assume that you meant to say pt, for printer's points.
To recover gracefully from this error, it's best to
delete the erroneous units; e.g., type `2' to delete
two letters. (See Chapter 27 of The TeXbook.)

./evolang11.toc:7: Missing number, treated as zero.
<to be read again> 
                   \protect 
l.7 ...apter}{\textbf {Abstracts}}{19}{chapter*.6}
                                                  
A number should have been here; I inserted `0'.
(If you can't figure out why I needed to see a number,
look up `weird error' in the index to The TeXbook.)

./evolang11.toc:7: Illegal unit of measure (pt inserted).
<to be read again> 
                   \protect 
l.7 ...apter}{\textbf {Abstracts}}{19}{chapter*.6}
                                                  
Dimensions can be in units of em, ex, in, pt, pc,
cm, mm, dd, cc, nd, nc, bp, or sp; but yours is a new one!
I'll assume that you meant to say pt, for printer's points.
To recover gracefully from this error, it's best to
delete the erroneous units; e.g., type `2' to delete
two letters. (See Chapter 27 of The TeXbook.)

./evolang11.toc:7: Missing number, treated as zero.
<to be read again> 
                   \protect 
l.7 ...apter}{\textbf {Abstracts}}{19}{chapter*.6}
                                                  
A number should have been here; I inserted `0'.
(If you can't figure out why I needed to see a number,
look up `weird error' in the index to The TeXbook.)

./evolang11.toc:7: Illegal unit of measure (pt inserted).
<to be read again> 
                   \protect 
l.7 ...apter}{\textbf {Abstracts}}{19}{chapter*.6}
                                                  
Dimensions can be in units of em, ex, in, pt, pc,
cm, mm, dd, cc, nd, nc, bp, or sp; but yours is a new one!
I'll assume that you meant to say pt, for printer's points.
To recover gracefully from this error, it's best to
delete the erroneous units; e.g., type `2' to delete
two letters. (See Chapter 27 of The TeXbook.)

./evolang11.toc:8: Missing number, treated as zero.
<to be read again> 
                   \protect 
l.8 ...cott Moisik, Sean Roberts}}{20}{section*.7}
                                                  
A number should have been here; I inserted `0'.
(If you can't figure out why I needed to see a number,
look up `weird error' in the index to The TeXbook.)

./evolang11.toc:8: Illegal unit of measure (pt inserted).
<to be read again> 
                   \protect 
l.8 ...cott Moisik, Sean Roberts}}{20}{section*.7}
                                                  
Dimensions can be in units of em, ex, in, pt, pc,
cm, mm, dd, cc, nd, nc, bp, or sp; but yours is a new one!
I'll assume that you meant to say pt, for printer's points.
To recover gracefully from this error, it's best to
delete the erroneous units; e.g., type `2' to delete
two letters. (See Chapter 27 of The TeXbook.)

./evolang11.toc:8: Missing number, treated as zero.
<to be read again> 
                   \protect 
l.8 ...cott Moisik, Sean Roberts}}{20}{section*.7}
                                                  
A number should have been here; I inserted `0'.
(If you can't figure out why I needed to see a number,
look up `weird error' in the index to The TeXbook.)

./evolang11.toc:8: Illegal unit of measure (pt inserted).
<to be read again> 
                   \protect 
l.8 ...cott Moisik, Sean Roberts}}{20}{section*.7}
                                                  
Dimensions can be in units of em, ex, in, pt, pc,
cm, mm, dd, cc, nd, nc, bp, or sp; but yours is a new one!
I'll assume that you meant to say pt, for printer's points.
To recover gracefully from this error, it's best to
delete the erroneous units; e.g., type `2' to delete
two letters. (See Chapter 27 of The TeXbook.)

./evolang11.toc:9: Missing number, treated as zero.
<to be read again> 
                   \protect 
l.9 ...{chapter}{Index of authors}{23}{section*.7}
                                                  
A number should have been here; I inserted `0'.
(If you can't figure out why I needed to see a number,
look up `weird error' in the index to The TeXbook.)

./evolang11.toc:9: Illegal unit of measure (pt inserted).
<to be read again> 
                   \protect 
l.9 ...{chapter}{Index of authors}{23}{section*.7}
                                                  
Dimensions can be in units of em, ex, in, pt, pc,
cm, mm, dd, cc, nd, nc, bp, or sp; but yours is a new one!
I'll assume that you meant to say pt, for printer's points.
To recover gracefully from this error, it's best to
delete the erroneous units; e.g., type `2' to delete
two letters. (See Chapter 27 of The TeXbook.)

./evolang11.toc:9: Missing number, treated as zero.
<to be read again> 
                   \protect 
l.9 ...{chapter}{Index of authors}{23}{section*.7}
                                                  
A number should have been here; I inserted `0'.
(If you can't figure out why I needed to see a number,
look up `weird error' in the index to The TeXbook.)

./evolang11.toc:9: Illegal unit of measure (pt inserted).
<to be read again> 
                   \protect 
l.9 ...{chapter}{Index of authors}{23}{section*.7}
                                                  
Dimensions can be in units of em, ex, in, pt, pc,
cm, mm, dd, cc, nd, nc, bp, or sp; but yours is a new one!
I'll assume that you meant to say pt, for printer's points.
To recover gracefully from this error, it's best to
delete the erroneous units; e.g., type `2' to delete
two letters. (See Chapter 27 of The TeXbook.)

)
\tf@toc=\write5
\openout5 = `evolang11.toc'.

 [8] [9



]

Package hyperref Warning: Token not allowed in a PDF string (PDFDocEncoding):
(hyperref)                removing `\newline' on input line 176.

<pdf/EVOLANG_11_paper_99.pdf, id=144, 597.50829pt x 845.0471pt>
File: pdf/EVOLANG_11_paper_99.pdf Graphic file (type pdf)

<use pdf/EVOLANG_11_paper_99.pdf>
Package pdftex.def Info: pdf/EVOLANG_11_paper_99.pdf used on input line 178.
(pdftex.def)             Requested size: 597.50682pt x 845.04504pt.
File: pdf/EVOLANG_11_paper_99.pdf Graphic file (type pdf)
 <use pdf/EVOLANG_11_paper_99.pdf>
Package pdftex.def Info: pdf/EVOLANG_11_paper_99.pdf used on input line 178.
(pdftex.def)             Requested size: 597.50682pt x 845.04504pt.

<pdf/EVOLANG_11_paper_99.pdf, id=147, page=1, 597.50829pt x 845.0471pt>
File: pdf/EVOLANG_11_paper_99.pdf Graphic file (type pdf)

<use pdf/EVOLANG_11_paper_99.pdf, page 1>
Package pdftex.def Info: pdf/EVOLANG_11_paper_99.pdf, page1 used on input line 
178.
(pdftex.def)             Requested size: 546.76031pt x 773.24548pt.
File: pdf/EVOLANG_11_paper_99.pdf Graphic file (type pdf)

<use pdf/EVOLANG_11_paper_99.pdf, page 1>
Package pdftex.def Info: pdf/EVOLANG_11_paper_99.pdf, page1 used on input line 
178.
(pdftex.def)             Requested size: 653.19485pt x 923.80382pt.
File: pdf/EVOLANG_11_paper_99.pdf Graphic file (type pdf)

<use pdf/EVOLANG_11_paper_99.pdf, page 1>
Package pdftex.def Info: pdf/EVOLANG_11_paper_99.pdf, page1 used on input line 
178.
(pdftex.def)             Requested size: 653.19485pt x 923.80382pt.
File: pdf/EVOLANG_11_paper_99.pdf Graphic file (type pdf)

<use pdf/EVOLANG_11_paper_99.pdf, page 1>
Package pdftex.def Info: pdf/EVOLANG_11_paper_99.pdf, page1 used on input line 
178.
(pdftex.def)             Requested size: 653.19485pt x 923.80382pt.

<pdf/EVOLANG_11_paper_99.pdf, id=148, page=2, 597.50829pt x 845.0471pt>
File: pdf/EVOLANG_11_paper_99.pdf Graphic file (type pdf)

<use pdf/EVOLANG_11_paper_99.pdf, page 2>
Package pdftex.def Info: pdf/EVOLANG_11_paper_99.pdf, page2 used on input line 
178.
(pdftex.def)             Requested size: 653.19485pt x 923.80382pt.
File: pdf/EVOLANG_11_paper_99.pdf Graphic file (type pdf)

<use pdf/EVOLANG_11_paper_99.pdf, page 2>
Package pdftex.def Info: pdf/EVOLANG_11_paper_99.pdf, page2 used on input line 
178.
(pdftex.def)             Requested size: 653.19485pt x 923.80382pt.
File: pdf/EVOLANG_11_paper_99.pdf Graphic file (type pdf)

<use pdf/EVOLANG_11_paper_99.pdf, page 1>
Package pdftex.def Info: pdf/EVOLANG_11_paper_99.pdf, page1 used on input line 
178.
(pdftex.def)             Requested size: 653.19485pt x 923.80382pt.
 [10

 <./pdf/EVOLANG_11_paper_99.pdf>]
<pdf/EVOLANG_11_paper_99.pdf, id=170, page=3, 597.50829pt x 845.0471pt>
File: pdf/EVOLANG_11_paper_99.pdf Graphic file (type pdf)

<use pdf/EVOLANG_11_paper_99.pdf, page 3>
Package pdftex.def Info: pdf/EVOLANG_11_paper_99.pdf, page3 used on input line 
178.
(pdftex.def)             Requested size: 653.19485pt x 923.80382pt.
File: pdf/EVOLANG_11_paper_99.pdf Graphic file (type pdf)

<use pdf/EVOLANG_11_paper_99.pdf, page 3>
Package pdftex.def Info: pdf/EVOLANG_11_paper_99.pdf, page3 used on input line 
178.
(pdftex.def)             Requested size: 653.19485pt x 923.80382pt.
File: pdf/EVOLANG_11_paper_99.pdf Graphic file (type pdf)

<use pdf/EVOLANG_11_paper_99.pdf, page 2>
Package pdftex.def Info: pdf/EVOLANG_11_paper_99.pdf, page2 used on input line 
178.
(pdftex.def)             Requested size: 653.19485pt x 923.80382pt.
 [11 <./pdf/EVOLANG_11_paper_99.pdf>]
<pdf/EVOLANG_11_paper_99.pdf, id=175, page=4, 597.50829pt x 845.0471pt>
File: pdf/EVOLANG_11_paper_99.pdf Graphic file (type pdf)

<use pdf/EVOLANG_11_paper_99.pdf, page 4>
Package pdftex.def Info: pdf/EVOLANG_11_paper_99.pdf, page4 used on input line 
178.
(pdftex.def)             Requested size: 653.19485pt x 923.80382pt.
File: pdf/EVOLANG_11_paper_99.pdf Graphic file (type pdf)

<use pdf/EVOLANG_11_paper_99.pdf, page 4>
Package pdftex.def Info: pdf/EVOLANG_11_paper_99.pdf, page4 used on input line 
178.
(pdftex.def)             Requested size: 653.19485pt x 923.80382pt.
File: pdf/EVOLANG_11_paper_99.pdf Graphic file (type pdf)

<use pdf/EVOLANG_11_paper_99.pdf, page 3>
Package pdftex.def Info: pdf/EVOLANG_11_paper_99.pdf, page3 used on input line 
178.
(pdftex.def)             Requested size: 653.19485pt x 923.80382pt.
 [12 <./pdf/EVOLANG_11_paper_99.pdf>]
<pdf/EVOLANG_11_paper_99.pdf, id=188, page=5, 597.50829pt x 845.0471pt>
File: pdf/EVOLANG_11_paper_99.pdf Graphic file (type pdf)

<use pdf/EVOLANG_11_paper_99.pdf, page 5>
Package pdftex.def Info: pdf/EVOLANG_11_paper_99.pdf, page5 used on input line 
178.
(pdftex.def)             Requested size: 653.19485pt x 923.80382pt.
File: pdf/EVOLANG_11_paper_99.pdf Graphic file (type pdf)

<use pdf/EVOLANG_11_paper_99.pdf, page 5>
Package pdftex.def Info: pdf/EVOLANG_11_paper_99.pdf, page5 used on input line 
178.
(pdftex.def)             Requested size: 653.19485pt x 923.80382pt.
File: pdf/EVOLANG_11_paper_99.pdf Graphic file (type pdf)

<use pdf/EVOLANG_11_paper_99.pdf, page 4>
Package pdftex.def Info: pdf/EVOLANG_11_paper_99.pdf, page4 used on input line 
178.
(pdftex.def)             Requested size: 653.19485pt x 923.80382pt.
 [13 <./pdf/EVOLANG_11_paper_99.pdf>]
<pdf/EVOLANG_11_paper_99.pdf, id=231, page=6, 597.50829pt x 845.0471pt>
File: pdf/EVOLANG_11_paper_99.pdf Graphic file (type pdf)

<use pdf/EVOLANG_11_paper_99.pdf, page 6>
Package pdftex.def Info: pdf/EVOLANG_11_paper_99.pdf, page6 used on input line 
178.
(pdftex.def)             Requested size: 653.19485pt x 923.80382pt.
File: pdf/EVOLANG_11_paper_99.pdf Graphic file (type pdf)

<use pdf/EVOLANG_11_paper_99.pdf, page 6>
Package pdftex.def Info: pdf/EVOLANG_11_paper_99.pdf, page6 used on input line 
178.
(pdftex.def)             Requested size: 653.19485pt x 923.80382pt.
File: pdf/EVOLANG_11_paper_99.pdf Graphic file (type pdf)

<use pdf/EVOLANG_11_paper_99.pdf, page 5>
Package pdftex.def Info: pdf/EVOLANG_11_paper_99.pdf, page5 used on input line 
178.
(pdftex.def)             Requested size: 653.19485pt x 923.80382pt.
 [14 <./pdf/EVOLANG_11_paper_99.pdf>]
<pdf/EVOLANG_11_paper_99.pdf, id=239, page=7, 597.50829pt x 845.0471pt>
File: pdf/EVOLANG_11_paper_99.pdf Graphic file (type pdf)

<use pdf/EVOLANG_11_paper_99.pdf, page 7>
Package pdftex.def Info: pdf/EVOLANG_11_paper_99.pdf, page7 used on input line 
178.
(pdftex.def)             Requested size: 653.19485pt x 923.80382pt.
File: pdf/EVOLANG_11_paper_99.pdf Graphic file (type pdf)

<use pdf/EVOLANG_11_paper_99.pdf, page 7>
Package pdftex.def Info: pdf/EVOLANG_11_paper_99.pdf, page7 used on input line 
178.
(pdftex.def)             Requested size: 653.19485pt x 923.80382pt.
File: pdf/EVOLANG_11_paper_99.pdf Graphic file (type pdf)

<use pdf/EVOLANG_11_paper_99.pdf, page 6>
Package pdftex.def Info: pdf/EVOLANG_11_paper_99.pdf, page6 used on input line 
178.
(pdftex.def)             Requested size: 653.19485pt x 923.80382pt.
 [15 <./pdf/EVOLANG_11_paper_99.pdf>]
<pdf/EVOLANG_11_paper_99.pdf, id=244, page=8, 597.50829pt x 845.0471pt>
File: pdf/EVOLANG_11_paper_99.pdf Graphic file (type pdf)

<use pdf/EVOLANG_11_paper_99.pdf, page 8>
Package pdftex.def Info: pdf/EVOLANG_11_paper_99.pdf, page8 used on input line 
178.
(pdftex.def)             Requested size: 653.19485pt x 923.80382pt.
File: pdf/EVOLANG_11_paper_99.pdf Graphic file (type pdf)

<use pdf/EVOLANG_11_paper_99.pdf, page 8>
Package pdftex.def Info: pdf/EVOLANG_11_paper_99.pdf, page8 used on input line 
178.
(pdftex.def)             Requested size: 653.19485pt x 923.80382pt.
File: pdf/EVOLANG_11_paper_99.pdf Graphic file (type pdf)

<use pdf/EVOLANG_11_paper_99.pdf, page 7>
Package pdftex.def Info: pdf/EVOLANG_11_paper_99.pdf, page7 used on input line 
178.
(pdftex.def)             Requested size: 653.19485pt x 923.80382pt.
 [16 <./pdf/EVOLANG_11_paper_99.pdf>]
<pdf/EVOLANG_11_paper_99.pdf, id=249, page=9, 597.50829pt x 845.0471pt>
File: pdf/EVOLANG_11_paper_99.pdf Graphic file (type pdf)

<use pdf/EVOLANG_11_paper_99.pdf, page 9>
Package pdftex.def Info: pdf/EVOLANG_11_paper_99.pdf, page9 used on input line 
178.
(pdftex.def)             Requested size: 653.19485pt x 923.80382pt.
File: pdf/EVOLANG_11_paper_99.pdf Graphic file (type pdf)

<use pdf/EVOLANG_11_paper_99.pdf, page 9>
Package pdftex.def Info: pdf/EVOLANG_11_paper_99.pdf, page9 used on input line 
178.
(pdftex.def)             Requested size: 653.19485pt x 923.80382pt.
File: pdf/EVOLANG_11_paper_99.pdf Graphic file (type pdf)

<use pdf/EVOLANG_11_paper_99.pdf, page 8>
Package pdftex.def Info: pdf/EVOLANG_11_paper_99.pdf, page8 used on input line 
178.
(pdftex.def)             Requested size: 653.19485pt x 923.80382pt.
 [17 <./pdf/EVOLANG_11_paper_99.pdf>]
File: pdf/EVOLANG_11_paper_99.pdf Graphic file (type pdf)

<use pdf/EVOLANG_11_paper_99.pdf, page 9>
Package pdftex.def Info: pdf/EVOLANG_11_paper_99.pdf, page9 used on input line 
178.
(pdftex.def)             Requested size: 653.19485pt x 923.80382pt.
 [18 <./pdf/EVOLANG_11_paper_99.pdf>]
[19


]

Package hyperref Warning: Token not allowed in a PDF string (PDFDocEncoding):
(hyperref)                removing `\newline' on input line 196.

<pdf/EVOLANG_11_paper_86.pdf, id=270, 597.55246pt x 845.07718pt>
File: pdf/EVOLANG_11_paper_86.pdf Graphic file (type pdf)

<use pdf/EVOLANG_11_paper_86.pdf>
Package pdftex.def Info: pdf/EVOLANG_11_paper_86.pdf used on input line 198.
(pdftex.def)             Requested size: 597.551pt x 845.07512pt.
File: pdf/EVOLANG_11_paper_86.pdf Graphic file (type pdf)
 <use pdf/EVOLANG_11_paper_86.pdf>
Package pdftex.def Info: pdf/EVOLANG_11_paper_86.pdf used on input line 198.
(pdftex.def)             Requested size: 597.551pt x 845.07512pt.

<pdf/EVOLANG_11_paper_86.pdf, id=273, page=1, 597.55246pt x 845.07718pt>
File: pdf/EVOLANG_11_paper_86.pdf Graphic file (type pdf)

<use pdf/EVOLANG_11_paper_86.pdf, page 1>
Package pdftex.def Info: pdf/EVOLANG_11_paper_86.pdf, page1 used on input line 
198.
(pdftex.def)             Requested size: 546.76425pt x 773.24548pt.
File: pdf/EVOLANG_11_paper_86.pdf Graphic file (type pdf)

<use pdf/EVOLANG_11_paper_86.pdf, page 1>
Package pdftex.def Info: pdf/EVOLANG_11_paper_86.pdf, page1 used on input line 
198.
(pdftex.def)             Requested size: 653.24315pt x 923.83669pt.
File: pdf/EVOLANG_11_paper_86.pdf Graphic file (type pdf)

<use pdf/EVOLANG_11_paper_86.pdf, page 1>
Package pdftex.def Info: pdf/EVOLANG_11_paper_86.pdf, page1 used on input line 
198.
(pdftex.def)             Requested size: 653.24315pt x 923.83669pt.
File: pdf/EVOLANG_11_paper_86.pdf Graphic file (type pdf)

<use pdf/EVOLANG_11_paper_86.pdf, page 1>
Package pdftex.def Info: pdf/EVOLANG_11_paper_86.pdf, page1 used on input line 
198.
(pdftex.def)             Requested size: 653.24315pt x 923.83669pt.

<pdf/EVOLANG_11_paper_86.pdf, id=274, page=2, 597.55246pt x 845.07718pt>
File: pdf/EVOLANG_11_paper_86.pdf Graphic file (type pdf)

<use pdf/EVOLANG_11_paper_86.pdf, page 2>
Package pdftex.def Info: pdf/EVOLANG_11_paper_86.pdf, page2 used on input line 
198.
(pdftex.def)             Requested size: 653.24315pt x 923.83669pt.
File: pdf/EVOLANG_11_paper_86.pdf Graphic file (type pdf)

<use pdf/EVOLANG_11_paper_86.pdf, page 2>
Package pdftex.def Info: pdf/EVOLANG_11_paper_86.pdf, page2 used on input line 
198.
(pdftex.def)             Requested size: 653.24315pt x 923.83669pt.
File: pdf/EVOLANG_11_paper_86.pdf Graphic file (type pdf)

<use pdf/EVOLANG_11_paper_86.pdf, page 1>
Package pdftex.def Info: pdf/EVOLANG_11_paper_86.pdf, page1 used on input line 
198.
(pdftex.def)             Requested size: 653.24315pt x 923.83669pt.
 [20

 <./pdf/EVOLANG_11_paper_86.pdf>]
<pdf/EVOLANG_11_paper_86.pdf, id=298, page=3, 597.55246pt x 845.07718pt>
File: pdf/EVOLANG_11_paper_86.pdf Graphic file (type pdf)

<use pdf/EVOLANG_11_paper_86.pdf, page 3>
Package pdftex.def Info: pdf/EVOLANG_11_paper_86.pdf, page3 used on input line 
198.
(pdftex.def)             Requested size: 653.24315pt x 923.83669pt.
File: pdf/EVOLANG_11_paper_86.pdf Graphic file (type pdf)

<use pdf/EVOLANG_11_paper_86.pdf, page 3>
Package pdftex.def Info: pdf/EVOLANG_11_paper_86.pdf, page3 used on input line 
198.
(pdftex.def)             Requested size: 653.24315pt x 923.83669pt.
File: pdf/EVOLANG_11_paper_86.pdf Graphic file (type pdf)

<use pdf/EVOLANG_11_paper_86.pdf, page 2>
Package pdftex.def Info: pdf/EVOLANG_11_paper_86.pdf, page2 used on input line 
198.
(pdftex.def)             Requested size: 653.24315pt x 923.83669pt.
 [21 <./pdf/EVOLANG_11_paper_86.pdf>]
File: pdf/EVOLANG_11_paper_86.pdf Graphic file (type pdf)

<use pdf/EVOLANG_11_paper_86.pdf, page 3>
Package pdftex.def Info: pdf/EVOLANG_11_paper_86.pdf, page3 used on input line 
198.
(pdftex.def)             Requested size: 653.24315pt x 923.83669pt.
 [22 <./pdf/EVOLANG_11_paper_86.pdf>]
(./evolang11.ind [23



])
Package atveryend Info: Empty hook `BeforeClearDocument' on input line 210.
Package atveryend Info: Empty hook `AfterLastShipout' on input line 210.
 (./evolang11.aux)
Package atveryend Info: Executing hook `AtVeryEndDocument' on input line 210.
Package atveryend Info: Executing hook `AtEndAfterFileList' on input line 210.
Package rerunfilecheck Info: File `evolang11.out' has not changed.
(rerunfilecheck)             Checksum: 2C8E7EE915C137F9C1E95C0A4127207B;551.
Package atveryend Info: Empty hook `AtVeryVeryEnd' on input line 210.
 ) 
Here is how much of TeX's memory you used:
 8862 strings out of 493089
 128021 string characters out of 6134841
 242937 words of memory out of 5000000
 12166 multiletter control sequences out of 15000+600000
 12882 words of font info for 33 fonts, out of 8000000 for 9000
 1141 hyphenation exceptions out of 8191
 42i,18n,50p,620b,566s stack positions out of 5000i,500n,10000p,200000b,80000s
{/usr/local/texlive/2015/texmf-dist/fonts/enc/dvips/base/8r.enc}</usr/local/t
exlive/2015/texmf-dist/fonts/type1/public/amsfonts/cm/cmsy10.pfb></usr/local/te
xlive/2015/texmf-dist/fonts/type1/urw/courier/ucrr8a.pfb></usr/local/texlive/20
15/texmf-dist/fonts/type1/urw/courier/ucrro8a.pfb></usr/local/texlive/2015/texm
f-dist/fonts/type1/urw/times/utmb8a.pfb></usr/local/texlive/2015/texmf-dist/fon
ts/type1/urw/times/utmbi8a.pfb></usr/local/texlive/2015/texmf-dist/fonts/type1/
urw/times/utmr8a.pfb></usr/local/texlive/2015/texmf-dist/fonts/type1/urw/times/
utmri8a.pfb>
Output written on evolang11.pdf (23 pages, 4229602 bytes).
PDF statistics:
 349 PDF objects out of 1000 (max. 8388607)
 247 compressed objects within 3 object streams
 31 named destinations out of 1000 (max. 500000)
 167 words of extra memory for PDF output out of 10000 (max. 10000000)

