This is pdfTeX, Version 3.14159265-2.6-1.40.16 (TeX Live 2015) (preloaded format=pdflatex 2015.12.16)  18 FEB 2016 13:33
entering extended mode
 restricted \write18 enabled.
 file:line:error style messages enabled.
 %&-line parsing enabled.
**texBookletTemplate.tex
(./texBookletTemplate.tex
LaTeX2e <2015/01/01>
Babel <3.9l> and hyphenation patterns for 79 languages loaded.

! LaTeX Error: File `evolang9_book.cls' not found.

Type X to quit or <RETURN> to proceed,
or enter new name. (Default extension: cls)

Enter file name: 
./texBookletTemplate.tex:5: Emergency stop.
<read *> 
         
l.5 \usepackage
               {multicol}^^M
End of file on the terminal!

 
Here is how much of TeX's memory you used:
 10 strings out of 493089
 252 string characters out of 6134841
 53199 words of memory out of 5000000
 3593 multiletter control sequences out of 15000+600000
 3640 words of font info for 14 fonts, out of 8000000 for 9000
 1141 hyphenation exceptions out of 8191
 10i,0n,7p,69b,8s stack positions out of 5000i,500n,10000p,200000b,80000s
./texBookletTemplate.tex:5:  ==> Fatal error occurred, no output PDF file produ
ced!
